<?xml version="1.0" encoding="UTF-8"?>
<!-- Generated by org.testng.reporters.JUnitXMLReporter -->
<testsuite hostname="Nagarjunas-MacBook-Pro-725.local" ignored="5" name="Delete Portfolio Suite" tests="2" failures="0" timestamp="2022-04-22T14:42:49 EDT" time="13.878" errors="0">
  <testcase name="doLogin" time="8.057" classname="testcases.rediff.Session"/>
  <testcase name="deletePortfolio" time="5.374" classname="testcases.rediff.PortfolioManagement"/>
  <testcase name="verifyPortfolio" time="0.0" classname="testcases.rediff.PortfolioManagement">
    <ignored/>
  </testcase> <!-- verifyPortfolio -->
  <testcase name="@AfterTest quit" time="0.0" classname="testbase.BaseTest">
    <ignored/>
  </testcase> <!-- @AfterTest quit -->
  <testcase name="doLogout" time="0.0" classname="testcases.rediff.Session">
    <ignored/>
  </testcase> <!-- doLogout -->
  <testcase name="@BeforeTest beforeTest" time="0.0" classname="testbase.BaseTest">
    <ignored/>
  </testcase> <!-- @BeforeTest beforeTest -->
  <testcase name="createPortfolio" time="0.0" classname="testcases.rediff.PortfolioManagement">
    <ignored/>
  </testcase> <!-- createPortfolio -->
</testsuite> <!-- Delete Portfolio Suite -->
