<?xml version="1.0" encoding="UTF-8"?>
<!-- Generated by org.testng.reporters.JUnitXMLReporter -->
<testsuite hostname="Nagarjunas-MacBook-Pro-725.local" ignored="13" name="Add New Stock Test" tests="4" failures="1" timestamp="2022-04-26T07:57:09 EDT" time="17.987" errors="0">
  <testcase name="doLogin" time="5.503" classname="testcases.rediff.Session"/>
  <testcase name="selectPortFolio" time="4.726" classname="testcases.rediff.PortfolioManagement"/>
  <testcase name="addNewStock" time="6.3" classname="testcases.rediff.StockManagement"/>
  <testcase name="verifyStockQuantity" time="0.902" classname="testcases.rediff.StockManagement">
    <failure type="java.lang.AssertionError" message="The following asserts failed:
	Quantity did not match">
      <![CDATA[java.lang.AssertionError: The following asserts failed:
Quantity did not match
at keywords.GenericKeywords.asserAll(GenericKeywords.java:189)
at keywords.GenericKeywords.reportFailure(GenericKeywords.java:183)
at testcases.rediff.StockManagement.verifyStockQuantity(StockManagement.java:107)
at java.util.ArrayList.forEach(ArrayList.java:1249)
at runner.TestNGRunner.run(TestNGRunner.java:77)
at runner.Runner.main(Runner.java:32)
... Removed 26 stack frames]]>
    </failure>
  </testcase> <!-- verifyStockQuantity -->
  <testcase name="deletePortfolio" time="0.0" classname="testcases.rediff.PortfolioManagement">
    <ignored/>
  </testcase> <!-- deletePortfolio -->
  <testcase name="verifyTransactionHistroy" time="0.0" classname="testcases.rediff.StockManagement">
    <ignored/>
  </testcase> <!-- verifyTransactionHistroy -->
  <testcase name="verifyStockPresesnt" time="0.0" classname="testcases.rediff.StockManagement">
    <ignored/>
  </testcase> <!-- verifyStockPresesnt -->
  <testcase name="modifyStock" time="0.0" classname="testcases.rediff.StockManagement">
    <ignored/>
  </testcase> <!-- modifyStock -->
  <testcase name="createPortfolio" time="0.0" classname="testcases.rediff.PortfolioManagement">
    <ignored/>
  </testcase> <!-- createPortfolio -->
  <testcase name="@AfterTest quit" time="0.0" classname="testbase.BaseTest">
    <ignored/>
  </testcase> <!-- @AfterTest quit -->
  <testcase name="@AfterTest quit" time="0.0" classname="testbase.BaseTest">
    <ignored/>
  </testcase> <!-- @AfterTest quit -->
  <testcase name="@AfterTest quit" time="0.0" classname="testbase.BaseTest">
    <ignored/>
  </testcase> <!-- @AfterTest quit -->
  <testcase name="@AfterTest quit" time="0.0" classname="testbase.BaseTest">
    <ignored/>
  </testcase> <!-- @AfterTest quit -->
  <testcase name="@AfterTest quit" time="0.0" classname="testbase.BaseTest">
    <ignored/>
  </testcase> <!-- @AfterTest quit -->
  <testcase name="doLogout" time="0.0" classname="testcases.rediff.Session">
    <ignored/>
  </testcase> <!-- doLogout -->
  <testcase name="@BeforeTest beforeTest" time="0.0" classname="testbase.BaseTest">
    <ignored/>
  </testcase> <!-- @BeforeTest beforeTest -->
  <testcase name="@BeforeTest beforeTest" time="0.0" classname="testbase.BaseTest">
    <ignored/>
  </testcase> <!-- @BeforeTest beforeTest -->
</testsuite> <!-- Add New Stock Test -->
