<?xml version="1.0" encoding="UTF-8"?>
<!-- Generated by org.testng.reporters.JUnitXMLReporter -->
<testsuite hostname="Nagarjunas-MacBook-Pro-725.local" ignored="7" name="Modify Stock Test - Sell Stock" tests="3" failures="3" timestamp="2022-04-24T10:19:51 EDT" time="0.031" errors="0">
  <testcase name="selectPortFolio" time="0.001" classname="testcases.rediff.PortfolioManagement">
    <failure type="java.lang.IllegalArgumentException" message="Input must be set">
      <![CDATA[java.lang.IllegalArgumentException: Input must be set
at org.openqa.selenium.internal.Require.nonNull(Require.java:51)
at org.openqa.selenium.support.ui.FluentWait.<init>(FluentWait.java:100)
at org.openqa.selenium.support.ui.WebDriverWait.<init>(WebDriverWait.java:128)
at org.openqa.selenium.support.ui.WebDriverWait.<init>(WebDriverWait.java:61)
at keywords.GenericKeywords.isElementPresent(GenericKeywords.java:95)
at keywords.GenericKeywords.getElement(GenericKeywords.java:79)
at keywords.GenericKeywords.selectByVisibleText(GenericKeywords.java:222)
at testcases.rediff.PortfolioManagement.selectPortFolio(PortfolioManagement.java:39)
at java.util.ArrayList.forEach(ArrayList.java:1249)
... Removed 27 stack frames]]>
    </failure>
  </testcase> <!-- selectPortFolio -->
  <testcase name="modifyStock" time="0.001" classname="testcases.rediff.StockManagement">
    <failure type="java.lang.IllegalArgumentException" message="Input must be set">
      <![CDATA[java.lang.IllegalArgumentException: Input must be set
at org.openqa.selenium.internal.Require.nonNull(Require.java:51)
at org.openqa.selenium.support.ui.FluentWait.<init>(FluentWait.java:100)
at org.openqa.selenium.support.ui.WebDriverWait.<init>(WebDriverWait.java:128)
at org.openqa.selenium.support.ui.WebDriverWait.<init>(WebDriverWait.java:61)
at keywords.GenericKeywords.isElementPresent(GenericKeywords.java:95)
at keywords.GenericKeywords.getElement(GenericKeywords.java:79)
at keywords.GenericKeywords.getRowNumWithCellData(GenericKeywords.java:244)
at keywords.ApplicationsKeywords.findCurrentStockQuantity(ApplicationsKeywords.java:75)
at testcases.rediff.StockManagement.modifyStock(StockManagement.java:46)
at java.util.ArrayList.forEach(ArrayList.java:1249)
... Removed 27 stack frames]]>
    </failure>
  </testcase> <!-- modifyStock -->
  <testcase name="verifyStockQuantity" time="0.003" classname="testcases.rediff.StockManagement">
    <failure type="java.lang.IllegalArgumentException" message="Input must be set">
      <![CDATA[java.lang.IllegalArgumentException: Input must be set
at org.openqa.selenium.internal.Require.nonNull(Require.java:51)
at org.openqa.selenium.support.ui.FluentWait.<init>(FluentWait.java:100)
at org.openqa.selenium.support.ui.WebDriverWait.<init>(WebDriverWait.java:128)
at org.openqa.selenium.support.ui.WebDriverWait.<init>(WebDriverWait.java:61)
at keywords.GenericKeywords.isElementPresent(GenericKeywords.java:95)
at keywords.GenericKeywords.getElement(GenericKeywords.java:79)
at keywords.GenericKeywords.getRowNumWithCellData(GenericKeywords.java:244)
at keywords.ApplicationsKeywords.findCurrentStockQuantity(ApplicationsKeywords.java:75)
at testcases.rediff.StockManagement.verifyStockQuantity(StockManagement.java:88)
at java.util.ArrayList.forEach(ArrayList.java:1249)
... Removed 27 stack frames]]>
    </failure>
  </testcase> <!-- verifyStockQuantity -->
  <testcase name="addNewStock" time="0.0" classname="testcases.rediff.StockManagement">
    <ignored/>
  </testcase> <!-- addNewStock -->
  <testcase name="deletePortfolio" time="0.0" classname="testcases.rediff.PortfolioManagement">
    <ignored/>
  </testcase> <!-- deletePortfolio -->
  <testcase name="verifyTransactionHistroy" time="0.0" classname="testcases.rediff.StockManagement">
    <ignored/>
  </testcase> <!-- verifyTransactionHistroy -->
  <testcase name="@AfterTest quit" time="0.0" classname="testbase.BaseTest">
    <ignored/>
  </testcase> <!-- @AfterTest quit -->
  <testcase name="@BeforeTest beforeTest" time="0.0" classname="testbase.BaseTest">
    <ignored/>
  </testcase> <!-- @BeforeTest beforeTest -->
  <testcase name="verifyStockPresesnt" time="0.0" classname="testcases.rediff.StockManagement">
    <ignored/>
  </testcase> <!-- verifyStockPresesnt -->
  <testcase name="createPortfolio" time="0.0" classname="testcases.rediff.PortfolioManagement">
    <ignored/>
  </testcase> <!-- createPortfolio -->
</testsuite> <!-- Modify Stock Test - Sell Stock -->
