<?xml version="1.0" encoding="UTF-8"?>
<!-- Generated by org.testng.reporters.JUnitXMLReporter -->
<testsuite hostname="Nagarjunas-MacBook-Pro-725.local" ignored="0" name="Default test" tests="5" failures="0" timestamp="2022-04-22T15:11:40 EDT" time="0.501" errors="0">
  <testcase name="addFreshStock" time="0.005" classname="testcases.rediff.StockManagement"/>
  <testcase name="modifyStock" time="0.001" classname="testcases.rediff.StockManagement"/>
  <testcase name="verifyQuantity" time="0.001" classname="testcases.rediff.StockManagement"/>
  <testcase name="verifyStockInList" time="0.001" classname="testcases.rediff.StockManagement"/>
  <testcase name="verifyTransactionHistroy" time="0.001" classname="testcases.rediff.StockManagement"/>
</testsuite> <!-- Default test -->
